<?xml version="1.0" encoding="UTF-8"?>
<!-- Generated by org.testng.reporters.JUnitReportReporter -->
<testsuite hostname="DESKTOP-M8DMJ3E" failures="0" tests="1" name="pages.LoginTest" time="2.224" errors="0" timestamp="2024-02-09T13:29:25 IST" skipped="0">
  <testcase classname="pages.LoginTest" name="testLoginSuccess" time="2.224"/>
</testsuite> <!-- pages.LoginTest -->
