<?xml version="1.0" encoding="UTF-8"?>
<!-- Generated by org.testng.reporters.JUnitReportReporter -->
<testsuite hostname="DESKTOP-M8DMJ3E" failures="0" tests="2" name="utilities.ITListener" time="6.721" errors="0" timestamp="2024-02-12T10:56:42 IST" skipped="0">
  <testcase classname="utilities.ITListener" name="testSearch2" time="2.792"/>
  <testcase classname="utilities.ITListener" name="testSearch1" time="3.929"/>
</testsuite> <!-- utilities.ITListener -->
