<?xml version="1.0" encoding="UTF-8"?>
<!-- Generated by org.testng.reporters.JUnitReportReporter -->
<testsuite hostname="DESKTOP-M8DMJ3E" failures="0" tests="4" name="utilities.ExcelUtility" time="8.370" errors="0" timestamp="2024-02-12T10:45:44 IST" skipped="0">
  <testcase classname="utilities.ExcelUtility" name="testLogin" time="0.826"/>
  <testcase classname="utilities.ExcelUtility" name="testLogin" time="0.896"/>
  <testcase classname="utilities.ExcelUtility" name="testLogin" time="5.827"/>
  <testcase classname="utilities.ExcelUtility" name="testLogin" time="0.821"/>
</testsuite> <!-- utilities.ExcelUtility -->
